<?xml version="1.0" encoding="UTF-8"?>
<Site BuildName="(empty)"
	BuildStamp="20260301-1748-Experimental"
	Name="(empty)"
	Generator="ctest-3.28.3"
	CompilerName=""
	CompilerVersion=""
	OSName="Linux"
	Hostname="dani-MS-7C37"
	OSRelease="6.17.0-14-generic"
	OSVersion="#14~24.04.1-Ubuntu SMP PREEMPT_DYNAMIC Thu Jan 15 15:52:10 UTC 2"
	OSPlatform="x86_64"
	Is64Bits="1"
	VendorString="AuthenticAMD"
	VendorID="Advanced Micro Devices"
	FamilyID="23"
	ModelID="113"
	ProcessorCacheSize="512"
	NumberOfLogicalCPU="24"
	NumberOfPhysicalCPU="12"
	TotalVirtualMemory="8191"
	TotalPhysicalMemory="64216"
	LogicalProcessorsPerPhysical="2"
	ProcessorClockFrequency="3922.93"
	>
	<Testing>
		<StartDateTime>Mar 01 18:48 CET</StartDateTime>
		<StartTestTime>1772387281</StartTestTime>
		<TestList/>
		<EndDateTime>Mar 01 18:48 CET</EndDateTime>
		<EndTestTime>1772387281</EndTestTime>
		<ElapsedMinutes>0</ElapsedMinutes>
	</Testing>
</Site>
